TN:
SF:/Users/yeqingnan/Developer/ui/uxcore/uxcore-float-nav/src/index.js
FN:15,_interopRequireDefault
FNF:1
FNH:1
FNDA:2,_interopRequireDefault
DA:3,1
DA:7,1
DA:9,1
DA:11,1
DA:13,1
DA:15,2
DA:25,1
DA:27,1
DA:28,1
LF:9
LH:9
BRDA:15,1,0,0
BRDA:15,1,1,2
BRDA:15,2,0,2
BRDA:15,2,1,2
BRF:4
BRH:3
end_of_record
TN:
SF:/Users/yeqingnan/Developer/ui/uxcore/uxcore-float-nav/src/FloatNav.jsx
FN:31,_interopRequireDefault
FN:33,_defaults
FN:35,_classCallCheck
FN:37,_possibleConstructorReturn
FN:39,_inherits
FN:48,(anonymous_6)
FN:51,FloatNav
FN:72,componentDidMount
FN:78,componentWillReceiveProps
FN:84,componentDidUpdate
FN:93,componentWillUnmount
FN:97,getAnchors
FN:108,(anonymous_13)
FN:120,updateComponentHeight
FN:126,updateScroll
FN:140,centerActive
FN:151,handleScrollUp
FN:175,handleScrollDown
FN:199,handlePageScroll
FN:207,(anonymous_20)
FN:225,renderNavItems
FN:238,(anonymous_22)
FN:240,onActive
FN:245,(anonymous_24)
FN:264,renderScrollBar
FN:284,renderControl
FN:295,renderContent
FN:301,render
FN:329,ref
FN:343,ref
FN:351,ref
FNF:31
FNH:30
FNDA:6,_interopRequireDefault
FNDA:1,_defaults
FNDA:3,_classCallCheck
FNDA:3,_possibleConstructorReturn
FNDA:1,_inherits
FNDA:1,(anonymous_6)
FNDA:3,FloatNav
FNDA:3,componentDidMount
FNDA:0,componentWillReceiveProps
FNDA:9,componentDidUpdate
FNDA:2,componentWillUnmount
FNDA:51,getAnchors
FNDA:45,(anonymous_13)
FNDA:3,updateComponentHeight
FNDA:3,updateScroll
FNDA:1,centerActive
FNDA:1,handleScrollUp
FNDA:1,handleScrollDown
FNDA:3,handlePageScroll
FNDA:18,(anonymous_20)
FNDA:12,renderNavItems
FNDA:48,(anonymous_22)
FNDA:5,onActive
FNDA:5,(anonymous_24)
FNDA:12,renderScrollBar
FNDA:12,renderControl
FNDA:12,renderContent
FNDA:12,render
FNDA:23,ref
FNDA:23,ref
FNDA:23,ref
DA:3,1
DA:7,1
DA:9,1
DA:11,1
DA:13,1
DA:15,1
DA:17,1
DA:19,1
DA:21,1
DA:23,1
DA:25,1
DA:27,1
DA:29,1
DA:31,6
DA:33,5
DA:35,3
DA:37,3
DA:39,1
DA:48,1
DA:49,1
DA:51,1
DA:52,3
DA:54,3
DA:56,3
DA:57,3
DA:63,3
DA:64,3
DA:65,3
DA:66,3
DA:69,3
DA:72,1
DA:73,3
DA:74,3
DA:75,3
DA:78,1
DA:79,0
DA:84,1
DA:85,9
DA:86,0
DA:88,9
DA:89,9
DA:93,1
DA:94,2
DA:97,1
DA:98,51
DA:100,51
DA:102,51
DA:103,51
DA:104,15
DA:105,3
DA:106,3
DA:108,12
DA:109,45
DA:110,45
DA:111,45
DA:113,45
DA:117,51
DA:120,1
DA:121,3
DA:122,3
DA:123,3
DA:126,1
DA:127,3
DA:129,3
DA:130,0
DA:131,0
DA:132,0
DA:133,0
DA:134,0
DA:135,0
DA:136,0
DA:140,1
DA:141,1
DA:142,1
DA:143,1
DA:144,1
DA:145,0
DA:146,1
DA:147,0
DA:151,1
DA:152,1
DA:153,1
DA:155,1
DA:156,1
DA:157,1
DA:158,1
DA:162,1
DA:163,1
DA:165,1
DA:166,1
DA:167,1
DA:169,1
DA:172,1
DA:175,1
DA:176,1
DA:177,1
DA:179,1
DA:180,1
DA:181,1
DA:182,1
DA:186,1
DA:187,1
DA:189,1
DA:190,1
DA:191,1
DA:193,1
DA:196,1
DA:199,1
DA:200,3
DA:202,3
DA:204,3
DA:205,3
DA:206,3
DA:207,3
DA:208,18
DA:209,18
DA:210,18
DA:211,18
DA:212,18
DA:213,18
DA:215,0
DA:217,3
DA:218,3
DA:225,1
DA:226,12
DA:228,12
DA:232,12
DA:234,12
DA:237,12
DA:238,12
DA:239,48
DA:241,5
DA:242,5
DA:246,5
DA:247,1
DA:255,48
DA:256,48
DA:260,48
DA:264,1
DA:265,12
DA:267,12
DA:284,1
DA:285,12
DA:287,12
DA:295,1
DA:298,12
DA:301,1
DA:302,12
DA:304,12
DA:310,12
DA:312,12
DA:319,12
DA:322,12
DA:330,23
DA:344,23
DA:352,23
DA:364,1
DA:367,1
DA:368,1
DA:381,1
DA:395,1
DA:396,1
LF:162
LH:150
BRDA:31,1,0,0
BRDA:31,1,1,6
BRDA:31,2,0,6
BRDA:31,2,1,6
BRDA:33,3,0,0
BRDA:33,3,1,5
BRDA:33,4,0,5
BRDA:33,4,1,5
BRDA:33,4,2,0
BRDA:35,5,0,0
BRDA:35,5,1,3
BRDA:37,6,0,0
BRDA:37,6,1,3
BRDA:37,7,0,0
BRDA:37,7,1,3
BRDA:37,8,0,3
BRDA:37,8,1,0
BRDA:37,8,2,0
BRDA:39,9,0,0
BRDA:39,9,1,1
BRDA:39,10,0,1
BRDA:39,10,1,0
BRDA:39,11,0,1
BRDA:39,11,1,1
BRDA:39,12,0,1
BRDA:39,12,1,0
BRDA:39,13,0,0
BRDA:39,13,1,1
BRDA:85,14,0,0
BRDA:85,14,1,9
BRDA:88,15,0,9
BRDA:88,15,1,0
BRDA:103,16,0,15
BRDA:103,16,1,36
BRDA:104,17,0,3
BRDA:104,17,1,12
BRDA:110,18,0,45
BRDA:110,18,1,0
BRDA:129,19,0,3
BRDA:129,19,1,0
BRDA:133,20,0,0
BRDA:133,20,1,0
BRDA:135,21,0,0
BRDA:135,21,1,0
BRDA:144,22,0,0
BRDA:144,22,1,1
BRDA:146,23,0,0
BRDA:146,23,1,1
BRDA:152,24,0,1
BRDA:152,24,1,0
BRDA:156,25,0,1
BRDA:156,25,1,0
BRDA:166,26,0,1
BRDA:166,26,1,0
BRDA:176,27,0,1
BRDA:176,27,1,0
BRDA:180,28,0,1
BRDA:180,28,1,0
BRDA:190,29,0,1
BRDA:190,29,1,0
BRDA:209,30,0,18
BRDA:209,30,1,0
BRDA:217,31,0,3
BRDA:217,31,1,0
BRDA:246,32,0,1
BRDA:246,32,1,4
BRDA:251,33,0,48
BRDA:251,33,1,48
BRDA:255,34,0,48
BRDA:255,34,1,0
BRF:70
BRH:39
end_of_record
TN:
SF:/Users/yeqingnan/Developer/ui/uxcore/uxcore-float-nav/src/NavItem.jsx
FN:23,_interopRequireDefault
FN:25,_defaults
FN:27,_defineProperty
FN:29,_classCallCheck
FN:31,_possibleConstructorReturn
FN:33,_inherits
FN:42,(anonymous_7)
FN:45,NavItem
FN:55,componentWillReceiveProps
FN:61,handleClick
FN:75,renderSubNav
FN:96,(anonymous_12)
FN:113,renderCircleIcon
FN:128,renderArrowIcon
FN:140,render
FN:154,ref
FN:191,onClick
FN:192,onActive
FNF:18
FNH:16
FNDA:4,_interopRequireDefault
FNDA:1,_defaults
FNDA:384,_defineProperty
FNDA:48,_classCallCheck
FNDA:48,_possibleConstructorReturn
FNDA:1,_inherits
FNDA:1,(anonymous_7)
FNDA:48,NavItem
FNDA:144,componentWillReceiveProps
FNDA:1,handleClick
FNDA:192,renderSubNav
FNDA:144,(anonymous_12)
FNDA:192,renderCircleIcon
FNDA:192,renderArrowIcon
FNDA:192,render
FNDA:368,ref
FNDA:0,onClick
FNDA:0,onActive
DA:3,1
DA:7,1
DA:9,1
DA:11,1
DA:13,1
DA:15,1
DA:17,1
DA:19,1
DA:21,1
DA:23,4
DA:25,5
DA:27,384
DA:29,48
DA:31,48
DA:33,1
DA:42,1
DA:43,1
DA:45,1
DA:46,48
DA:48,48
DA:50,48
DA:51,48
DA:52,48
DA:55,1
DA:56,144
DA:57,4
DA:61,1
DA:62,1
DA:68,1
DA:69,0
DA:71,1
DA:72,1
DA:75,1
DA:76,192
DA:84,192
DA:85,144
DA:87,48
DA:91,48
DA:93,48
DA:97,144
DA:103,144
DA:104,144
DA:108,144
DA:113,1
DA:114,192
DA:118,192
DA:119,41
DA:125,151
DA:128,1
DA:137,192
DA:140,1
DA:141,192
DA:143,192
DA:151,192
DA:155,368
DA:182,1
DA:185,1
DA:186,1
DA:197,1
DA:210,1
DA:211,1
LF:61
LH:60
BRDA:23,1,0,0
BRDA:23,1,1,4
BRDA:23,2,0,4
BRDA:23,2,1,4
BRDA:25,3,0,0
BRDA:25,3,1,5
BRDA:25,4,0,5
BRDA:25,4,1,5
BRDA:25,4,2,0
BRDA:27,5,0,0
BRDA:27,5,1,384
BRDA:29,6,0,0
BRDA:29,6,1,48
BRDA:31,7,0,0
BRDA:31,7,1,48
BRDA:31,8,0,0
BRDA:31,8,1,48
BRDA:31,9,0,48
BRDA:31,9,1,0
BRDA:31,9,2,0
BRDA:33,10,0,0
BRDA:33,10,1,1
BRDA:33,11,0,1
BRDA:33,11,1,0
BRDA:33,12,0,1
BRDA:33,12,1,1
BRDA:33,13,0,1
BRDA:33,13,1,0
BRDA:33,14,0,0
BRDA:33,14,1,1
BRDA:56,15,0,4
BRDA:56,15,1,140
BRDA:56,16,0,144
BRDA:56,16,1,9
BRDA:68,17,0,0
BRDA:68,17,1,1
BRDA:84,18,0,144
BRDA:84,18,1,48
BRDA:84,19,0,192
BRDA:84,19,1,48
BRDA:99,20,0,144
BRDA:99,20,1,144
BRDA:103,21,0,144
BRDA:103,21,1,0
BRDA:118,22,0,41
BRDA:118,22,1,151
BRDA:118,23,0,192
BRDA:118,23,1,48
BRF:48
BRH:33
end_of_record
