TN:
SF:/Users/vincent.bian/uxcore/uxcore-float-nav/src/index.js
FN:15,_interopRequireDefault
FNF:1
FNH:1
FNDA:2,_interopRequireDefault
DA:3,1
DA:7,1
DA:9,1
DA:11,1
DA:13,1
DA:15,2
DA:25,1
DA:27,1
DA:28,1
LF:9
LH:9
BRDA:15,1,0,0
BRDA:15,1,1,2
BRDA:15,2,0,2
BRDA:15,2,1,2
BRF:4
BRH:3
end_of_record
TN:
SF:/Users/vincent.bian/uxcore/uxcore-float-nav/src/FloatNav.js
FN:27,_interopRequireDefault
FN:29,_defaults
FN:31,_classCallCheck
FN:33,_possibleConstructorReturn
FN:35,_inherits
FN:44,(anonymous_6)
FN:47,FloatNav
FN:66,componentWillReceiveProps
FN:72,componentDidMount
FN:79,componentDidUpdate
FN:85,componentWillUnmount
FN:89,getAnchors
FN:92,(anonymous_13)
FN:97,(anonymous_14)
FN:99,(anonymous_15)
FN:108,updateScroll
FN:122,handleScrollUp
FN:143,handleScrollDown
FN:164,handlePageScroll
FN:171,(anonymous_20)
FN:182,renderNavItems
FN:196,(anonymous_22)
FN:198,onActive
FN:217,renderScrollBar
FN:237,renderControl
FN:248,renderContent
FN:251,(anonymous_27)
FN:256,render
FN:284,ref
FN:298,ref
FN:306,ref
FNF:31
FNH:27
FNDA:5,_interopRequireDefault
FNDA:1,_defaults
FNDA:2,_classCallCheck
FNDA:2,_possibleConstructorReturn
FNDA:1,_inherits
FNDA:1,(anonymous_6)
FNDA:2,FloatNav
FNDA:0,componentWillReceiveProps
FNDA:2,componentDidMount
FNDA:7,componentDidUpdate
FNDA:0,componentWillUnmount
FNDA:2,getAnchors
FNDA:8,(anonymous_13)
FNDA:22,(anonymous_14)
FNDA:22,(anonymous_15)
FNDA:0,updateScroll
FNDA:0,handleScrollUp
FNDA:1,handleScrollDown
FNDA:2,handlePageScroll
FNDA:16,(anonymous_20)
FNDA:9,renderNavItems
FNDA:36,(anonymous_22)
FNDA:4,onActive
FNDA:9,renderScrollBar
FNDA:9,renderControl
FNDA:9,renderContent
FNDA:9,(anonymous_27)
FNDA:9,render
FNDA:16,ref
FNDA:16,ref
FNDA:16,ref
DA:3,1
DA:7,1
DA:9,1
DA:11,1
DA:13,1
DA:15,1
DA:17,1
DA:19,1
DA:21,1
DA:23,1
DA:25,1
DA:27,5
DA:29,5
DA:31,2
DA:33,2
DA:35,1
DA:44,1
DA:45,1
DA:47,1
DA:48,2
DA:50,2
DA:52,2
DA:53,2
DA:59,2
DA:60,2
DA:61,2
DA:62,2
DA:63,2
DA:66,1
DA:67,0
DA:72,1
DA:73,2
DA:74,2
DA:75,2
DA:76,2
DA:79,1
DA:80,7
DA:81,7
DA:85,1
DA:86,0
DA:89,1
DA:90,2
DA:92,2
DA:93,8
DA:94,8
DA:96,8
DA:97,6
DA:98,22
DA:100,22
DA:103,8
DA:105,2
DA:108,1
DA:109,0
DA:111,0
DA:112,0
DA:113,0
DA:114,0
DA:115,0
DA:116,0
DA:117,0
DA:118,0
DA:122,1
DA:123,0
DA:124,0
DA:125,0
DA:126,0
DA:130,0
DA:131,0
DA:133,0
DA:134,0
DA:135,0
DA:137,0
DA:140,0
DA:143,1
DA:144,1
DA:145,1
DA:146,1
DA:147,1
DA:151,1
DA:152,1
DA:154,1
DA:155,1
DA:156,1
DA:158,1
DA:161,1
DA:164,1
DA:165,2
DA:167,2
DA:169,2
DA:171,2
DA:172,16
DA:173,16
DA:174,16
DA:176,2
DA:182,1
DA:183,9
DA:185,9
DA:189,9
DA:191,9
DA:194,9
DA:196,9
DA:197,36
DA:199,4
DA:200,4
DA:208,36
DA:209,36
DA:213,36
DA:217,1
DA:218,9
DA:220,9
DA:237,1
DA:238,9
DA:240,9
DA:248,1
DA:249,9
DA:251,9
DA:252,9
DA:256,1
DA:257,9
DA:259,9
DA:265,9
DA:267,9
DA:274,9
DA:277,9
DA:285,16
DA:299,16
DA:307,16
DA:319,1
DA:322,1
DA:323,1
DA:336,1
DA:349,1
DA:350,1
LF:133
LH:111
BRDA:27,1,0,0
BRDA:27,1,1,5
BRDA:27,2,0,5
BRDA:27,2,1,5
BRDA:29,3,0,0
BRDA:29,3,1,5
BRDA:29,4,0,5
BRDA:29,4,1,5
BRDA:29,4,2,0
BRDA:31,5,0,0
BRDA:31,5,1,2
BRDA:33,6,0,0
BRDA:33,6,1,2
BRDA:33,7,0,0
BRDA:33,7,1,2
BRDA:33,8,0,2
BRDA:33,8,1,0
BRDA:33,8,2,0
BRDA:35,9,0,0
BRDA:35,9,1,1
BRDA:35,10,0,1
BRDA:35,10,1,0
BRDA:35,11,0,1
BRDA:35,11,1,1
BRDA:35,12,0,1
BRDA:35,12,1,0
BRDA:35,13,0,0
BRDA:35,13,1,1
BRDA:80,14,0,7
BRDA:80,14,1,0
BRDA:93,15,0,8
BRDA:93,15,1,0
BRDA:96,16,0,6
BRDA:96,16,1,2
BRDA:111,17,0,0
BRDA:111,17,1,0
BRDA:115,18,0,0
BRDA:115,18,1,0
BRDA:117,19,0,0
BRDA:117,19,1,0
BRDA:124,20,0,0
BRDA:124,20,1,0
BRDA:134,21,0,0
BRDA:134,21,1,0
BRDA:145,22,0,1
BRDA:145,22,1,0
BRDA:155,23,0,1
BRDA:155,23,1,0
BRDA:205,24,0,36
BRDA:205,24,1,36
BRDA:208,25,0,36
BRDA:208,25,1,0
BRF:52
BRH:25
end_of_record
TN:
SF:/Users/vincent.bian/uxcore/uxcore-float-nav/src/NavItem.js
FN:19,_interopRequireDefault
FN:21,_defaults
FN:23,_defineProperty
FN:25,_classCallCheck
FN:27,_possibleConstructorReturn
FN:29,_inherits
FN:38,(anonymous_7)
FN:41,NavItem
FN:51,componentWillReceiveProps
FN:57,handleClick
FN:71,renderSubNav
FN:91,(anonymous_12)
FN:106,renderCircleIcon
FN:121,renderArrowIcon
FN:134,render
FN:146,ref
FN:175,onClick
FN:176,onActive
FNF:18
FNH:16
FNDA:3,_interopRequireDefault
FNDA:1,_defaults
FNDA:135,_defineProperty
FNDA:30,_classCallCheck
FNDA:30,_possibleConstructorReturn
FNDA:1,_inherits
FNDA:1,(anonymous_7)
FNDA:30,NavItem
FNDA:105,componentWillReceiveProps
FNDA:1,handleClick
FNDA:135,renderSubNav
FNDA:99,(anonymous_12)
FNDA:135,renderCircleIcon
FNDA:135,renderArrowIcon
FNDA:135,render
FNDA:240,ref
FNDA:0,onClick
FNDA:0,onActive
DA:3,1
DA:7,1
DA:9,1
DA:11,1
DA:13,1
DA:15,1
DA:17,1
DA:19,3
DA:21,5
DA:23,135
DA:25,30
DA:27,30
DA:29,1
DA:38,1
DA:39,1
DA:41,1
DA:42,30
DA:44,30
DA:46,30
DA:47,30
DA:48,30
DA:51,1
DA:52,105
DA:53,3
DA:57,1
DA:58,1
DA:64,1
DA:65,0
DA:67,1
DA:68,1
DA:71,1
DA:72,135
DA:79,135
DA:80,108
DA:82,27
DA:86,27
DA:88,27
DA:92,99
DA:96,99
DA:97,99
DA:101,99
DA:106,1
DA:107,135
DA:111,135
DA:112,36
DA:118,99
DA:121,1
DA:122,135
DA:124,135
DA:125,7
DA:131,128
DA:134,1
DA:135,135
DA:137,135
DA:144,135
DA:147,240
DA:166,1
DA:169,1
DA:170,1
DA:181,1
DA:192,1
DA:193,1
LF:62
LH:61
BRDA:19,1,0,0
BRDA:19,1,1,3
BRDA:19,2,0,3
BRDA:19,2,1,3
BRDA:21,3,0,0
BRDA:21,3,1,5
BRDA:21,4,0,5
BRDA:21,4,1,5
BRDA:21,4,2,0
BRDA:23,5,0,0
BRDA:23,5,1,135
BRDA:25,6,0,0
BRDA:25,6,1,30
BRDA:27,7,0,0
BRDA:27,7,1,30
BRDA:27,8,0,0
BRDA:27,8,1,30
BRDA:27,9,0,30
BRDA:27,9,1,0
BRDA:27,9,2,0
BRDA:29,10,0,0
BRDA:29,10,1,1
BRDA:29,11,0,1
BRDA:29,11,1,0
BRDA:29,12,0,1
BRDA:29,12,1,1
BRDA:29,13,0,1
BRDA:29,13,1,0
BRDA:29,14,0,0
BRDA:29,14,1,1
BRDA:52,15,0,3
BRDA:52,15,1,102
BRDA:52,16,0,105
BRDA:52,16,1,7
BRDA:64,17,0,0
BRDA:64,17,1,1
BRDA:79,18,0,108
BRDA:79,18,1,27
BRDA:79,19,0,135
BRDA:79,19,1,27
BRDA:94,20,0,99
BRDA:94,20,1,99
BRDA:96,21,0,99
BRDA:96,21,1,0
BRDA:111,22,0,36
BRDA:111,22,1,99
BRDA:124,23,0,7
BRDA:124,23,1,128
BRF:48
BRH:33
end_of_record
